
=== Wed Mar 24 20:40:32 2021

Packages were changed.
Update Mode: mergeDefaultDependencies

The following packages were added:
  com.unity.textmeshpro@3.0.1

=== Thu May  6 21:35:31 2021

Packages were changed.
Update Mode: updateDependencies

The following packages were updated:
  com.unity.ads from version 3.7.0 to 3.7.1
  com.unity.ide.rider from version 2.0.7 to 3.0.6
  com.unity.purchasing from version 2.2.2 to 3.0.2
  com.unity.test-framework from version 1.1.22 to 1.1.24
  com.unity.textmeshpro from version 3.0.1 to 3.0.4
  com.unity.timeline from version 1.4.6 to 1.5.4
The following packages were removed:
  com.unity.quicksearch@2.0.2

=== Thu Mar 24 11:30:05 2022

Packages were changed.
Update Mode: updateDependencies

The following packages were updated:
  com.unity.ads from version 3.7.1 to 3.7.5
  com.unity.collab-proxy from version 1.3.9 to 1.15.13
  com.unity.ide.rider from version 3.0.6 to 3.0.12
  com.unity.ide.visualstudio from version 2.0.7 to 2.0.14
  com.unity.ide.vscode from version 1.2.3 to 1.2.5
  com.unity.purchasing from version 3.1.0 to 4.1.3
  com.unity.test-framework from version 1.1.24 to 1.1.31
  com.unity.timeline from version 1.5.4 to 1.6.4

=== Fri Apr 22 20:12:23 2022

Packages were changed.
Update Mode: updateDependencies

The following packages were updated:
  com.unity.collab-proxy from version 1.15.13 to 1.15.15
  com.unity.ide.rider from version 3.0.12 to 3.0.13
